<?xml version="1.0" encoding="UTF-8"?>
<testsuites>
  <testsuite name="fastlane.lanes">
    
    
    
      
      <testcase classname="fastlane.lanes" name="0: default_platform" time="0.0002865">
        
      </testcase>
    
      
      <testcase classname="fastlane.lanes" name="1: lib:publishReleasePublicationToGithubPackagesRepository" time="29.2211502">
        
          <failure message="/var/lib/gems/2.5.0/gems/fastlane-2.157.2/fastlane/lib/fastlane/actions/actions_helper.rb:48:in `execute_action'&#10;/var/lib/gems/2.5.0/gems/fastlane-2.157.2/fastlane/lib/fastlane/runner.rb:255:in `block in execute_action'&#10;/var/lib/gems/2.5.0/gems/fastlane-2.157.2/fastlane/lib/fastlane/runner.rb:229:in `chdir'&#10;/var/lib/gems/2.5.0/gems/fastlane-2.157.2/fastlane/lib/fastlane/runner.rb:229:in `execute_action'&#10;/var/lib/gems/2.5.0/gems/fastlane-2.157.2/fastlane/lib/fastlane/runner.rb:157:in `trigger_action_by_name'&#10;/var/lib/gems/2.5.0/gems/fastlane-2.157.2/fastlane/lib/fastlane/fast_file.rb:159:in `method_missing'&#10;Fastfile:35:in `block (2 levels) in parsing_binding'&#10;/var/lib/gems/2.5.0/gems/fastlane-2.157.2/fastlane/lib/fastlane/lane.rb:33:in `call'&#10;/var/lib/gems/2.5.0/gems/fastlane-2.157.2/fastlane/lib/fastlane/runner.rb:49:in `block in execute'&#10;/var/lib/gems/2.5.0/gems/fastlane-2.157.2/fastlane/lib/fastlane/runner.rb:45:in `chdir'&#10;/var/lib/gems/2.5.0/gems/fastlane-2.157.2/fastlane/lib/fastlane/runner.rb:45:in `execute'&#10;/var/lib/gems/2.5.0/gems/fastlane-2.157.2/fastlane/lib/fastlane/lane_manager.rb:47:in `cruise_lane'&#10;/var/lib/gems/2.5.0/gems/fastlane-2.157.2/fastlane/lib/fastlane/command_line_handler.rb:36:in `handle'&#10;/var/lib/gems/2.5.0/gems/fastlane-2.157.2/fastlane/lib/fastlane/commands_generator.rb:108:in `block (2 levels) in run'&#10;/var/lib/gems/2.5.0/gems/commander-fastlane-4.4.6/lib/commander/command.rb:178:in `call'&#10;/var/lib/gems/2.5.0/gems/commander-fastlane-4.4.6/lib/commander/command.rb:153:in `run'&#10;/var/lib/gems/2.5.0/gems/commander-fastlane-4.4.6/lib/commander/runner.rb:476:in `run_active_command'&#10;/var/lib/gems/2.5.0/gems/fastlane-2.157.2/fastlane_core/lib/fastlane_core/ui/fastlane_runner.rb:76:in `run!'&#10;/var/lib/gems/2.5.0/gems/commander-fastlane-4.4.6/lib/commander/delegates.rb:15:in `run!'&#10;/var/lib/gems/2.5.0/gems/fastlane-2.157.2/fastlane/lib/fastlane/commands_generator.rb:352:in `run'&#10;/var/lib/gems/2.5.0/gems/fastlane-2.157.2/fastlane/lib/fastlane/commands_generator.rb:41:in `start'&#10;/var/lib/gems/2.5.0/gems/fastlane-2.157.2/fastlane/lib/fastlane/cli_tools_distributor.rb:119:in `take_off'&#10;/var/lib/gems/2.5.0/gems/fastlane-2.157.2/bin/fastlane:23:in `&lt;top (required)&gt;'&#10;/usr/local/bin/fastlane:23:in `load'&#10;/usr/local/bin/fastlane:23:in `&lt;main&gt;'&#10;&#10;Exit status of command '/mnt/c/Users/tomho/Development/Personal/jmri-roster-android/gradlew lib:publishReleasePublicationToGithubPackagesRepository -p . -PversionPatch=1234 -Pgithubuser='' -Pgithubtoken=''' was 1 instead of 0.&#10;&gt; Task :lib:preBuild UP-TO-DATE&#10;&gt; Task :lib:preReleaseBuild UP-TO-DATE&#10;&gt; Task :lib:mergeReleaseJniLibFolders&#10;&gt; Task :lib:compileReleaseAidl NO-SOURCE&#10;&gt; Task :lib:generateReleaseBuildConfig&#10;&gt; Task :lib:compileReleaseRenderscript NO-SOURCE&#10;&gt; Task :lib:mergeReleaseNativeLibs&#10;&gt; Task :lib:stripReleaseDebugSymbols NO-SOURCE&#10;&gt; Task :lib:copyReleaseJniLibsProjectAndLocalJars&#10;&gt; Task :lib:generateReleaseResValues UP-TO-DATE&#10;&gt; Task :lib:generateReleaseResources UP-TO-DATE&#10;&gt; Task :lib:packageReleaseResources UP-TO-DATE&#10;&gt; Task :lib:parseReleaseLocalResources UP-TO-DATE&#10;&gt; Task :lib:javaPreCompileRelease UP-TO-DATE&#10;&gt; Task :lib:mergeReleaseShaders&#10;&gt; Task :lib:compileReleaseShaders NO-SOURCE&#10;&gt; Task :lib:generateReleaseAssets UP-TO-DATE&#10;&gt; Task :lib:packageReleaseAssets&#10;&gt; Task :lib:packageReleaseRenderscript NO-SOURCE&#10;&gt; Task :lib:prepareLintJarForPublish UP-TO-DATE&#10;&gt; Task :lib:processReleaseJavaRes NO-SOURCE&#10;&gt; Task :lib:generatePomFileForReleasePublication&#10;&gt; Task :lib:processReleaseManifest&#10;&gt; Task :lib:generateReleaseRFile&#10;&gt; Task :lib:compileReleaseKotlin&#10;&gt; Task :lib:compileReleaseJavaWithJavac&#10;&gt; Task :lib:extractReleaseAnnotations&#10;&gt; Task :lib:mergeReleaseGeneratedProguardFiles UP-TO-DATE&#10;&gt; Task :lib:mergeReleaseConsumerProguardFiles&#10;&gt; Task :lib:mergeReleaseJavaResource&#10;&gt; Task :lib:syncReleaseLibJars&#10;&gt; Task :lib:bundleReleaseAar&#10;&gt; Task :lib:generateMetadataFileForReleasePublication&#10;&gt; Task :lib:publishReleasePublicationToGithubPackagesRepository FAILED&#10;&#10;FAILURE: Build failed with an exception.&#10;&#10;* What went wrong:&#10;Execution failed for task ':lib:publishReleasePublicationToGithubPackagesRepository'.&#10;&gt; Failed to publish publication 'release' to repository 'GithubPackages'&#10;   &gt; Could not PUT 'https://maven.pkg.github.com/wormoworm/jmri-roster-android/uk/tomhomewood/jmri-roster/jmri-roster/0.1.1234/jmri-roster-0.1.1234.aar'. Received status code 401 from server: Unauthorized&#10;&#10;* Try:&#10;Run with --stacktrace option to get the stack trace. Run with --info or --debug option to get more log output. Run with --scan to get full insights.&#10;&#10;* Get more help at https://help.gradle.org&#10;&#10;BUILD FAILED in 28s&#10;24 actionable tasks: 18 executed, 6 up-to-date&#10;" />
        
      </testcase>
    
  </testsuite>
</testsuites>
